#
# There is insufficient memory for the Java Runtime Environment to continue.
# Native memory allocation (mmap) failed to map 65536 bytes for Failed to commit metaspace.
# Possible reasons:
#   The system is out of physical RAM or swap space
#   The process is running with CompressedOops enabled, and the Java Heap may be blocking the growth of the native heap
# Possible solutions:
#   Reduce memory load on the system
#   Increase physical memory or swap space
#   Check if swap backing store is full
#   Decrease Java heap size (-Xmx/-Xms)
#   Decrease number of Java threads
#   Decrease Java thread stack sizes (-Xss)
#   Set larger code cache with -XX:ReservedCodeCacheSize=
#   JVM is running with Unscaled Compressed Oops mode in which the Java heap is
#     placed in the first 4GB address space. The Java Heap base address is the
#     maximum limit for the native heap growth. Please use -XX:HeapBaseMinAddress
#     to set the Java Heap base and to place the Java Heap above 4GB virtual address.
# This output file may be truncated or incomplete.
#
#  Out of Memory Error (virtualSpaceNode.cpp:110), pid=26240, tid=28552
#
# JRE version: OpenJDK Runtime Environment Temurin-17.0.8.1+1 (17.0.8.1+1) (build 17.0.8.1+1)
# Java VM: OpenJDK 64-Bit Server VM Temurin-17.0.8.1+1 (17.0.8.1+1, mixed mode, tiered, compressed oops, compressed class ptrs, g1 gc, windows-amd64)
# No core dump will be written. Minidumps are not enabled by default on client versions of Windows
#

---------------  S U M M A R Y ------------

Command Line: -Dfile.encoding=UTF-8 --module-path=E:\MyClothesShop\MyClothesShop\bin -XX:+ShowCodeDetailsInExceptionMessages -Djdk.module.main=MyClothesShop MyClothesShop/ClothesShop.StoreClient

Host: Intel(R) Core(TM) i7-7700 CPU @ 3.60GHz, 8 cores, 7G,  Windows 10 , 64 bit Build 19041 (10.0.19041.3155)
Time: Fri Sep  8 15:45:02 2023 Jerusalem Daylight Time elapsed time: 0.419970 seconds (0d 0h 0m 0s)

---------------  T H R E A D  ---------------

Current thread (0x000001914b0b29b0):  JavaThread "AWT-EventQueue-0" [_thread_in_vm, id=28552, stack(0x0000004d38300000,0x0000004d38400000)]

Stack: [0x0000004d38300000,0x0000004d38400000]
Native frames: (J=compiled Java code, j=interpreted, Vv=VM code, C=native code)
V  [jvm.dll+0x678b0a]
V  [jvm.dll+0x835e84]
V  [jvm.dll+0x83762e]
V  [jvm.dll+0x837c93]
V  [jvm.dll+0x24746f]
V  [jvm.dll+0x831f1b]
V  [jvm.dll+0x61d3c6]
V  [jvm.dll+0x61d42a]
V  [jvm.dll+0x61fc5a]
V  [jvm.dll+0x61dd66]
V  [jvm.dll+0x23b9ff]
V  [jvm.dll+0x627c05]
V  [jvm.dll+0x1eb90b]
V  [jvm.dll+0x1ebe45]
V  [jvm.dll+0x1ec87f]
V  [jvm.dll+0x1e1d21]
V  [jvm.dll+0x53fba0]
V  [jvm.dll+0x1f2607]
V  [jvm.dll+0x7b06ab]
V  [jvm.dll+0x7b1a52]
V  [jvm.dll+0x7b1d88]
V  [jvm.dll+0x23f76e]
V  [jvm.dll+0x3818fe]
C  0x00000191371cb5a5

Java frames: (J=compiled Java code, j=interpreted, Vv=VM code)
j  javax.swing.text.StyleContext.<init>()V+5 java.desktop@17.0.8.1
j  javax.swing.text.StyleContext.getDefaultStyleContext()Ljavax/swing/text/StyleContext;+10 java.desktop@17.0.8.1
j  javax.swing.text.AbstractDocument.<init>(Ljavax/swing/text/AbstractDocument$Content;)V+2 java.desktop@17.0.8.1
j  javax.swing.text.PlainDocument.<init>(Ljavax/swing/text/AbstractDocument$Content;)V+2 java.desktop@17.0.8.1
j  javax.swing.text.PlainDocument.<init>()V+8 java.desktop@17.0.8.1
j  javax.swing.text.DefaultEditorKit.createDefaultDocument()Ljavax/swing/text/Document;+4 java.desktop@17.0.8.1
j  javax.swing.plaf.basic.BasicTextUI.installUI(Ljavax/swing/JComponent;)V+151 java.desktop@17.0.8.1
j  javax.swing.JComponent.setUI(Ljavax/swing/plaf/ComponentUI;)V+52 java.desktop@17.0.8.1
j  javax.swing.text.JTextComponent.setUI(Ljavax/swing/plaf/TextUI;)V+2 java.desktop@17.0.8.1
j  javax.swing.text.JTextComponent.updateUI()V+8 java.desktop@17.0.8.1
j  javax.swing.text.JTextComponent.<init>()V+62 java.desktop@17.0.8.1
j  javax.swing.JTextField.<init>(Ljavax/swing/text/Document;Ljava/lang/String;I)V+1 java.desktop@17.0.8.1
j  javax.swing.JTextField.<init>(I)V+4 java.desktop@17.0.8.1
j  ClothesShop.StoreClient.createLoginPanel(Ljava/lang/String;Ljava/lang/String;Ljavax/swing/JTabbedPane;)Ljavax/swing/JPanel;+14 MyClothesShop
j  ClothesShop.StoreClient.createGUI(Ljavax/swing/JTabbedPane;)V+49 MyClothesShop
j  ClothesShop.StoreClient.lambda$0()V+3 MyClothesShop
j  ClothesShop.StoreClient$$Lambda$137+0x00000001000c0200.run()V+0 MyClothesShop
j  java.awt.event.InvocationEvent.dispatch()V+47 java.desktop@17.0.8.1
j  java.awt.EventQueue.dispatchEventImpl(Ljava/awt/AWTEvent;Ljava/lang/Object;)V+21 java.desktop@17.0.8.1
j  java.awt.EventQueue$4.run()Ljava/lang/Void;+32 java.desktop@17.0.8.1
j  java.awt.EventQueue$4.run()Ljava/lang/Object;+1 java.desktop@17.0.8.1
j  java.security.AccessController.executePrivileged(Ljava/security/PrivilegedAction;Ljava/security/AccessControlContext;Ljava/lang/Class;)Ljava/lang/Object;+29 java.base@17.0.8.1
j  java.security.AccessController.doPrivileged(Ljava/security/PrivilegedAction;Ljava/security/AccessControlContext;)Ljava/lang/Object;+13 java.base@17.0.8.1
j  java.security.ProtectionDomain$JavaSecurityAccessImpl.doIntersectionPrivilege(Ljava/security/PrivilegedAction;Ljava/security/AccessControlContext;Ljava/security/AccessControlContext;)Ljava/lang/Object;+18 java.base@17.0.8.1
j  java.awt.EventQueue.dispatchEvent(Ljava/awt/AWTEvent;)V+46 java.desktop@17.0.8.1
j  java.awt.EventDispatchThread.pumpOneEventForFilters(I)V+78 java.desktop@17.0.8.1
j  java.awt.EventDispatchThread.pumpEventsForFilter(ILjava/awt/Conditional;Ljava/awt/EventFilter;)V+35 java.desktop@17.0.8.1
j  java.awt.EventDispatchThread.pumpEventsForHierarchy(ILjava/awt/Conditional;Ljava/awt/Component;)V+11 java.desktop@17.0.8.1
j  java.awt.EventDispatchThread.pumpEvents(ILjava/awt/Conditional;)V+4 java.desktop@17.0.8.1
j  java.awt.EventDispatchThread.pumpEvents(Ljava/awt/Conditional;)V+3 java.desktop@17.0.8.1
j  java.awt.EventDispatchThread.run()V+9 java.desktop@17.0.8.1
v  ~StubRoutines::call_stub

---------------  P R O C E S S  ---------------

Threads class SMR info:
_java_thread_list=0x000001914b0ac5a0, length=16, elements={
0x00000191465cd720, 0x00000191465d0450, 0x00000191465fd2a0, 0x00000191465fde60,
0x00000191465fe820, 0x000001914662c180, 0x0000019146635ad0, 0x0000019146640400,
0x0000019146642a20, 0x00000191467d69d0, 0x00000191468d96b0, 0x0000019146900f10,
0x00000191469fbfb0, 0x00000191469fc490, 0x000001914b0b29b0, 0x000001912c5b6ae0
}

Java Threads: ( => current thread )
  0x00000191465cd720 JavaThread "Reference Handler" daemon [_thread_blocked, id=29692, stack(0x0000004d37400000,0x0000004d37500000)]
  0x00000191465d0450 JavaThread "Finalizer" daemon [_thread_blocked, id=29220, stack(0x0000004d37500000,0x0000004d37600000)]
  0x00000191465fd2a0 JavaThread "Signal Dispatcher" daemon [_thread_blocked, id=18764, stack(0x0000004d37600000,0x0000004d37700000)]
  0x00000191465fde60 JavaThread "Attach Listener" daemon [_thread_blocked, id=32156, stack(0x0000004d37700000,0x0000004d37800000)]
  0x00000191465fe820 JavaThread "Service Thread" daemon [_thread_blocked, id=32204, stack(0x0000004d37800000,0x0000004d37900000)]
  0x000001914662c180 JavaThread "Monitor Deflation Thread" daemon [_thread_blocked, id=27264, stack(0x0000004d37900000,0x0000004d37a00000)]
  0x0000019146635ad0 JavaThread "C2 CompilerThread0" daemon [_thread_blocked, id=10032, stack(0x0000004d37a00000,0x0000004d37b00000)]
  0x0000019146640400 JavaThread "C1 CompilerThread0" daemon [_thread_blocked, id=22788, stack(0x0000004d37b00000,0x0000004d37c00000)]
  0x0000019146642a20 JavaThread "Sweeper thread" daemon [_thread_blocked, id=32396, stack(0x0000004d37c00000,0x0000004d37d00000)]
  0x00000191467d69d0 JavaThread "Common-Cleaner" daemon [_thread_blocked, id=26696, stack(0x0000004d37d00000,0x0000004d37e00000)]
  0x00000191468d96b0 JavaThread "Notification Thread" daemon [_thread_blocked, id=16120, stack(0x0000004d37e00000,0x0000004d37f00000)]
  0x0000019146900f10 JavaThread "Java2D Disposer" daemon [_thread_blocked, id=31264, stack(0x0000004d38000000,0x0000004d38100000)]
  0x00000191469fbfb0 JavaThread "AWT-Shutdown" [_thread_blocked, id=32440, stack(0x0000004d38100000,0x0000004d38200000)]
  0x00000191469fc490 JavaThread "AWT-Windows" daemon [_thread_in_native, id=32024, stack(0x0000004d38200000,0x0000004d38300000)]
=>0x000001914b0b29b0 JavaThread "AWT-EventQueue-0" [_thread_in_vm, id=28552, stack(0x0000004d38300000,0x0000004d38400000)]
  0x000001912c5b6ae0 JavaThread "DestroyJavaVM" [_thread_blocked, id=23520, stack(0x0000004d36d00000,0x0000004d36e00000)]

Other Threads:
  0x00000191465caf70 VMThread "VM Thread" [stack: 0x0000004d37300000,0x0000004d37400000] [id=21328]
  0x000001912c635140 WatcherThread [stack: 0x0000004d37f00000,0x0000004d38000000] [id=31760]
  0x000001912c613830 GCTaskThread "GC Thread#0" [stack: 0x0000004d36e00000,0x0000004d36f00000] [id=32676]
  0x000001912c624de0 ConcurrentGCThread "G1 Main Marker" [stack: 0x0000004d36f00000,0x0000004d37000000] [id=33488]
  0x000001912c6257f0 ConcurrentGCThread "G1 Conc#0" [stack: 0x0000004d37000000,0x0000004d37100000] [id=3696]
  0x00000191464324c0 ConcurrentGCThread "G1 Refine#0" [stack: 0x0000004d37100000,0x0000004d37200000] [id=30256]
  0x0000019146432ef0 ConcurrentGCThread "G1 Service" [stack: 0x0000004d37200000,0x0000004d37300000] [id=32724]

Threads with active compile tasks:

VM state: not at safepoint (normal execution)

VM Mutex/Monitor currently owned by a thread:  ([mutex/lock_event])
[0x000001912c5b0000] Metaspace_lock - owner thread: 0x000001914b0b29b0

Heap address: 0x0000000080a00000, size: 2038 MB, Compressed Oops mode: 32-bit

CDS archive(s) not mapped
Compressed class space mapped at: 0x0000000100000000-0x0000000140000000, reserved size: 1073741824
Narrow klass base: 0x0000000000000000, Narrow klass shift: 3, Narrow klass range: 0x140000000

GC Precious Log:
 CPUs: 8 total, 8 available
 Memory: 8149M
 Large Page Support: Disabled
 NUMA Support: Disabled
 Compressed Oops: Enabled (32-bit)
 Heap Region Size: 1M
 Heap Min Capacity: 8M
 Heap Initial Capacity: 128M
 Heap Max Capacity: 2038M
 Pre-touch: Disabled
 Parallel Workers: 8
 Concurrent Workers: 2
 Concurrent Refinement Workers: 8
 Periodic GC: Disabled

Heap:
 garbage-first heap   total 131072K, used 5120K [0x0000000080a00000, 0x0000000100000000)
  region size 1024K, 6 young (6144K), 0 survivors (0K)
 Metaspace       used 12119K, committed 12288K, reserved 1114112K
  class space    used 1207K, committed 1344K, reserved 1048576K

Heap Regions: E=young(eden), S=young(survivor), O=old, HS=humongous(starts), HC=humongous(continues), CS=collection set, F=free, OA=open archive, CA=closed archive, TAMS=top-at-mark-start (previous, next)
|   0|0x0000000080a00000, 0x0000000080a00000, 0x0000000080b00000|  0%| F|  |TAMS 0x0000000080a00000, 0x0000000080a00000| Untracked 
|   1|0x0000000080b00000, 0x0000000080b00000, 0x0000000080c00000|  0%| F|  |TAMS 0x0000000080b00000, 0x0000000080b00000| Untracked 
|   2|0x0000000080c00000, 0x0000000080c00000, 0x0000000080d00000|  0%| F|  |TAMS 0x0000000080c00000, 0x0000000080c00000| Untracked 
|   3|0x0000000080d00000, 0x0000000080d00000, 0x0000000080e00000|  0%| F|  |TAMS 0x0000000080d00000, 0x0000000080d00000| Untracked 
|   4|0x0000000080e00000, 0x0000000080e00000, 0x0000000080f00000|  0%| F|  |TAMS 0x0000000080e00000, 0x0000000080e00000| Untracked 
|   5|0x0000000080f00000, 0x0000000080f00000, 0x0000000081000000|  0%| F|  |TAMS 0x0000000080f00000, 0x0000000080f00000| Untracked 
|   6|0x0000000081000000, 0x0000000081000000, 0x0000000081100000|  0%| F|  |TAMS 0x0000000081000000, 0x0000000081000000| Untracked 
|   7|0x0000000081100000, 0x0000000081100000, 0x0000000081200000|  0%| F|  |TAMS 0x0000000081100000, 0x0000000081100000| Untracked 
|   8|0x0000000081200000, 0x0000000081200000, 0x0000000081300000|  0%| F|  |TAMS 0x0000000081200000, 0x0000000081200000| Untracked 
|   9|0x0000000081300000, 0x0000000081300000, 0x0000000081400000|  0%| F|  |TAMS 0x0000000081300000, 0x0000000081300000| Untracked 
|  10|0x0000000081400000, 0x0000000081400000, 0x0000000081500000|  0%| F|  |TAMS 0x0000000081400000, 0x0000000081400000| Untracked 
|  11|0x0000000081500000, 0x0000000081500000, 0x0000000081600000|  0%| F|  |TAMS 0x0000000081500000, 0x0000000081500000| Untracked 
|  12|0x0000000081600000, 0x0000000081600000, 0x0000000081700000|  0%| F|  |TAMS 0x0000000081600000, 0x0000000081600000| Untracked 
|  13|0x0000000081700000, 0x0000000081700000, 0x0000000081800000|  0%| F|  |TAMS 0x0000000081700000, 0x0000000081700000| Untracked 
|  14|0x0000000081800000, 0x0000000081800000, 0x0000000081900000|  0%| F|  |TAMS 0x0000000081800000, 0x0000000081800000| Untracked 
|  15|0x0000000081900000, 0x0000000081900000, 0x0000000081a00000|  0%| F|  |TAMS 0x0000000081900000, 0x0000000081900000| Untracked 
|  16|0x0000000081a00000, 0x0000000081a00000, 0x0000000081b00000|  0%| F|  |TAMS 0x0000000081a00000, 0x0000000081a00000| Untracked 
|  17|0x0000000081b00000, 0x0000000081b00000, 0x0000000081c00000|  0%| F|  |TAMS 0x0000000081b00000, 0x0000000081b00000| Untracked 
|  18|0x0000000081c00000, 0x0000000081c00000, 0x0000000081d00000|  0%| F|  |TAMS 0x0000000081c00000, 0x0000000081c00000| Untracked 
|  19|0x0000000081d00000, 0x0000000081d00000, 0x0000000081e00000|  0%| F|  |TAMS 0x0000000081d00000, 0x0000000081d00000| Untracked 
|  20|0x0000000081e00000, 0x0000000081e00000, 0x0000000081f00000|  0%| F|  |TAMS 0x0000000081e00000, 0x0000000081e00000| Untracked 
|  21|0x0000000081f00000, 0x0000000081f00000, 0x0000000082000000|  0%| F|  |TAMS 0x0000000081f00000, 0x0000000081f00000| Untracked 
|  22|0x0000000082000000, 0x0000000082000000, 0x0000000082100000|  0%| F|  |TAMS 0x0000000082000000, 0x0000000082000000| Untracked 
|  23|0x0000000082100000, 0x0000000082100000, 0x0000000082200000|  0%| F|  |TAMS 0x0000000082100000, 0x0000000082100000| Untracked 
|  24|0x0000000082200000, 0x0000000082200000, 0x0000000082300000|  0%| F|  |TAMS 0x0000000082200000, 0x0000000082200000| Untracked 
|  25|0x0000000082300000, 0x0000000082300000, 0x0000000082400000|  0%| F|  |TAMS 0x0000000082300000, 0x0000000082300000| Untracked 
|  26|0x0000000082400000, 0x0000000082400000, 0x0000000082500000|  0%| F|  |TAMS 0x0000000082400000, 0x0000000082400000| Untracked 
|  27|0x0000000082500000, 0x0000000082500000, 0x0000000082600000|  0%| F|  |TAMS 0x0000000082500000, 0x0000000082500000| Untracked 
|  28|0x0000000082600000, 0x0000000082600000, 0x0000000082700000|  0%| F|  |TAMS 0x0000000082600000, 0x0000000082600000| Untracked 
|  29|0x0000000082700000, 0x0000000082700000, 0x0000000082800000|  0%| F|  |TAMS 0x0000000082700000, 0x0000000082700000| Untracked 
|  30|0x0000000082800000, 0x0000000082800000, 0x0000000082900000|  0%| F|  |TAMS 0x0000000082800000, 0x0000000082800000| Untracked 
|  31|0x0000000082900000, 0x0000000082900000, 0x0000000082a00000|  0%| F|  |TAMS 0x0000000082900000, 0x0000000082900000| Untracked 
|  32|0x0000000082a00000, 0x0000000082a00000, 0x0000000082b00000|  0%| F|  |TAMS 0x0000000082a00000, 0x0000000082a00000| Untracked 
|  33|0x0000000082b00000, 0x0000000082b00000, 0x0000000082c00000|  0%| F|  |TAMS 0x0000000082b00000, 0x0000000082b00000| Untracked 
|  34|0x0000000082c00000, 0x0000000082c00000, 0x0000000082d00000|  0%| F|  |TAMS 0x0000000082c00000, 0x0000000082c00000| Untracked 
|  35|0x0000000082d00000, 0x0000000082d00000, 0x0000000082e00000|  0%| F|  |TAMS 0x0000000082d00000, 0x0000000082d00000| Untracked 
|  36|0x0000000082e00000, 0x0000000082e00000, 0x0000000082f00000|  0%| F|  |TAMS 0x0000000082e00000, 0x0000000082e00000| Untracked 
|  37|0x0000000082f00000, 0x0000000082f00000, 0x0000000083000000|  0%| F|  |TAMS 0x0000000082f00000, 0x0000000082f00000| Untracked 
|  38|0x0000000083000000, 0x0000000083000000, 0x0000000083100000|  0%| F|  |TAMS 0x0000000083000000, 0x0000000083000000| Untracked 
|  39|0x0000000083100000, 0x0000000083100000, 0x0000000083200000|  0%| F|  |TAMS 0x0000000083100000, 0x0000000083100000| Untracked 
|  40|0x0000000083200000, 0x0000000083200000, 0x0000000083300000|  0%| F|  |TAMS 0x0000000083200000, 0x0000000083200000| Untracked 
|  41|0x0000000083300000, 0x0000000083300000, 0x0000000083400000|  0%| F|  |TAMS 0x0000000083300000, 0x0000000083300000| Untracked 
|  42|0x0000000083400000, 0x0000000083400000, 0x0000000083500000|  0%| F|  |TAMS 0x0000000083400000, 0x0000000083400000| Untracked 
|  43|0x0000000083500000, 0x0000000083500000, 0x0000000083600000|  0%| F|  |TAMS 0x0000000083500000, 0x0000000083500000| Untracked 
|  44|0x0000000083600000, 0x0000000083600000, 0x0000000083700000|  0%| F|  |TAMS 0x0000000083600000, 0x0000000083600000| Untracked 
|  45|0x0000000083700000, 0x0000000083700000, 0x0000000083800000|  0%| F|  |TAMS 0x0000000083700000, 0x0000000083700000| Untracked 
|  46|0x0000000083800000, 0x0000000083800000, 0x0000000083900000|  0%| F|  |TAMS 0x0000000083800000, 0x0000000083800000| Untracked 
|  47|0x0000000083900000, 0x0000000083900000, 0x0000000083a00000|  0%| F|  |TAMS 0x0000000083900000, 0x0000000083900000| Untracked 
|  48|0x0000000083a00000, 0x0000000083a00000, 0x0000000083b00000|  0%| F|  |TAMS 0x0000000083a00000, 0x0000000083a00000| Untracked 
|  49|0x0000000083b00000, 0x0000000083b00000, 0x0000000083c00000|  0%| F|  |TAMS 0x0000000083b00000, 0x0000000083b00000| Untracked 
|  50|0x0000000083c00000, 0x0000000083c00000, 0x0000000083d00000|  0%| F|  |TAMS 0x0000000083c00000, 0x0000000083c00000| Untracked 
|  51|0x0000000083d00000, 0x0000000083d00000, 0x0000000083e00000|  0%| F|  |TAMS 0x0000000083d00000, 0x0000000083d00000| Untracked 
|  52|0x0000000083e00000, 0x0000000083e00000, 0x0000000083f00000|  0%| F|  |TAMS 0x0000000083e00000, 0x0000000083e00000| Untracked 
|  53|0x0000000083f00000, 0x0000000083f00000, 0x0000000084000000|  0%| F|  |TAMS 0x0000000083f00000, 0x0000000083f00000| Untracked 
|  54|0x0000000084000000, 0x0000000084000000, 0x0000000084100000|  0%| F|  |TAMS 0x0000000084000000, 0x0000000084000000| Untracked 
|  55|0x0000000084100000, 0x0000000084100000, 0x0000000084200000|  0%| F|  |TAMS 0x0000000084100000, 0x0000000084100000| Untracked 
|  56|0x0000000084200000, 0x0000000084200000, 0x0000000084300000|  0%| F|  |TAMS 0x0000000084200000, 0x0000000084200000| Untracked 
|  57|0x0000000084300000, 0x0000000084300000, 0x0000000084400000|  0%| F|  |TAMS 0x0000000084300000, 0x0000000084300000| Untracked 
|  58|0x0000000084400000, 0x0000000084400000, 0x0000000084500000|  0%| F|  |TAMS 0x0000000084400000, 0x0000000084400000| Untracked 
|  59|0x0000000084500000, 0x0000000084500000, 0x0000000084600000|  0%| F|  |TAMS 0x0000000084500000, 0x0000000084500000| Untracked 
|  60|0x0000000084600000, 0x0000000084600000, 0x0000000084700000|  0%| F|  |TAMS 0x0000000084600000, 0x0000000084600000| Untracked 
|  61|0x0000000084700000, 0x0000000084700000, 0x0000000084800000|  0%| F|  |TAMS 0x0000000084700000, 0x0000000084700000| Untracked 
|  62|0x0000000084800000, 0x0000000084800000, 0x0000000084900000|  0%| F|  |TAMS 0x0000000084800000, 0x0000000084800000| Untracked 
|  63|0x0000000084900000, 0x0000000084900000, 0x0000000084a00000|  0%| F|  |TAMS 0x0000000084900000, 0x0000000084900000| Untracked 
|  64|0x0000000084a00000, 0x0000000084a00000, 0x0000000084b00000|  0%| F|  |TAMS 0x0000000084a00000, 0x0000000084a00000| Untracked 
|  65|0x0000000084b00000, 0x0000000084b00000, 0x0000000084c00000|  0%| F|  |TAMS 0x0000000084b00000, 0x0000000084b00000| Untracked 
|  66|0x0000000084c00000, 0x0000000084c00000, 0x0000000084d00000|  0%| F|  |TAMS 0x0000000084c00000, 0x0000000084c00000| Untracked 
|  67|0x0000000084d00000, 0x0000000084d00000, 0x0000000084e00000|  0%| F|  |TAMS 0x0000000084d00000, 0x0000000084d00000| Untracked 
|  68|0x0000000084e00000, 0x0000000084e00000, 0x0000000084f00000|  0%| F|  |TAMS 0x0000000084e00000, 0x0000000084e00000| Untracked 
|  69|0x0000000084f00000, 0x0000000084f00000, 0x0000000085000000|  0%| F|  |TAMS 0x0000000084f00000, 0x0000000084f00000| Untracked 
|  70|0x0000000085000000, 0x0000000085000000, 0x0000000085100000|  0%| F|  |TAMS 0x0000000085000000, 0x0000000085000000| Untracked 
|  71|0x0000000085100000, 0x0000000085100000, 0x0000000085200000|  0%| F|  |TAMS 0x0000000085100000, 0x0000000085100000| Untracked 
|  72|0x0000000085200000, 0x0000000085200000, 0x0000000085300000|  0%| F|  |TAMS 0x0000000085200000, 0x0000000085200000| Untracked 
|  73|0x0000000085300000, 0x0000000085300000, 0x0000000085400000|  0%| F|  |TAMS 0x0000000085300000, 0x0000000085300000| Untracked 
|  74|0x0000000085400000, 0x0000000085400000, 0x0000000085500000|  0%| F|  |TAMS 0x0000000085400000, 0x0000000085400000| Untracked 
|  75|0x0000000085500000, 0x0000000085500000, 0x0000000085600000|  0%| F|  |TAMS 0x0000000085500000, 0x0000000085500000| Untracked 
|  76|0x0000000085600000, 0x0000000085600000, 0x0000000085700000|  0%| F|  |TAMS 0x0000000085600000, 0x0000000085600000| Untracked 
|  77|0x0000000085700000, 0x0000000085700000, 0x0000000085800000|  0%| F|  |TAMS 0x0000000085700000, 0x0000000085700000| Untracked 
|  78|0x0000000085800000, 0x0000000085800000, 0x0000000085900000|  0%| F|  |TAMS 0x0000000085800000, 0x0000000085800000| Untracked 
|  79|0x0000000085900000, 0x0000000085900000, 0x0000000085a00000|  0%| F|  |TAMS 0x0000000085900000, 0x0000000085900000| Untracked 
|  80|0x0000000085a00000, 0x0000000085a00000, 0x0000000085b00000|  0%| F|  |TAMS 0x0000000085a00000, 0x0000000085a00000| Untracked 
|  81|0x0000000085b00000, 0x0000000085b00000, 0x0000000085c00000|  0%| F|  |TAMS 0x0000000085b00000, 0x0000000085b00000| Untracked 
|  82|0x0000000085c00000, 0x0000000085c00000, 0x0000000085d00000|  0%| F|  |TAMS 0x0000000085c00000, 0x0000000085c00000| Untracked 
|  83|0x0000000085d00000, 0x0000000085d00000, 0x0000000085e00000|  0%| F|  |TAMS 0x0000000085d00000, 0x0000000085d00000| Untracked 
|  84|0x0000000085e00000, 0x0000000085e00000, 0x0000000085f00000|  0%| F|  |TAMS 0x0000000085e00000, 0x0000000085e00000| Untracked 
|  85|0x0000000085f00000, 0x0000000085f00000, 0x0000000086000000|  0%| F|  |TAMS 0x0000000085f00000, 0x0000000085f00000| Untracked 
|  86|0x0000000086000000, 0x0000000086000000, 0x0000000086100000|  0%| F|  |TAMS 0x0000000086000000, 0x0000000086000000| Untracked 
|  87|0x0000000086100000, 0x0000000086100000, 0x0000000086200000|  0%| F|  |TAMS 0x0000000086100000, 0x0000000086100000| Untracked 
|  88|0x0000000086200000, 0x0000000086200000, 0x0000000086300000|  0%| F|  |TAMS 0x0000000086200000, 0x0000000086200000| Untracked 
|  89|0x0000000086300000, 0x0000000086300000, 0x0000000086400000|  0%| F|  |TAMS 0x0000000086300000, 0x0000000086300000| Untracked 
|  90|0x0000000086400000, 0x0000000086400000, 0x0000000086500000|  0%| F|  |TAMS 0x0000000086400000, 0x0000000086400000| Untracked 
|  91|0x0000000086500000, 0x0000000086500000, 0x0000000086600000|  0%| F|  |TAMS 0x0000000086500000, 0x0000000086500000| Untracked 
|  92|0x0000000086600000, 0x0000000086600000, 0x0000000086700000|  0%| F|  |TAMS 0x0000000086600000, 0x0000000086600000| Untracked 
|  93|0x0000000086700000, 0x0000000086700000, 0x0000000086800000|  0%| F|  |TAMS 0x0000000086700000, 0x0000000086700000| Untracked 
|  94|0x0000000086800000, 0x0000000086800000, 0x0000000086900000|  0%| F|  |TAMS 0x0000000086800000, 0x0000000086800000| Untracked 
|  95|0x0000000086900000, 0x0000000086900000, 0x0000000086a00000|  0%| F|  |TAMS 0x0000000086900000, 0x0000000086900000| Untracked 
|  96|0x0000000086a00000, 0x0000000086a00000, 0x0000000086b00000|  0%| F|  |TAMS 0x0000000086a00000, 0x0000000086a00000| Untracked 
|  97|0x0000000086b00000, 0x0000000086b00000, 0x0000000086c00000|  0%| F|  |TAMS 0x0000000086b00000, 0x0000000086b00000| Untracked 
|  98|0x0000000086c00000, 0x0000000086c00000, 0x0000000086d00000|  0%| F|  |TAMS 0x0000000086c00000, 0x0000000086c00000| Untracked 
|  99|0x0000000086d00000, 0x0000000086d00000, 0x0000000086e00000|  0%| F|  |TAMS 0x0000000086d00000, 0x0000000086d00000| Untracked 
| 100|0x0000000086e00000, 0x0000000086e00000, 0x0000000086f00000|  0%| F|  |TAMS 0x0000000086e00000, 0x0000000086e00000| Untracked 
| 101|0x0000000086f00000, 0x0000000086f00000, 0x0000000087000000|  0%| F|  |TAMS 0x0000000086f00000, 0x0000000086f00000| Untracked 
| 102|0x0000000087000000, 0x0000000087000000, 0x0000000087100000|  0%| F|  |TAMS 0x0000000087000000, 0x0000000087000000| Untracked 
| 103|0x0000000087100000, 0x0000000087100000, 0x0000000087200000|  0%| F|  |TAMS 0x0000000087100000, 0x0000000087100000| Untracked 
| 104|0x0000000087200000, 0x0000000087200000, 0x0000000087300000|  0%| F|  |TAMS 0x0000000087200000, 0x0000000087200000| Untracked 
| 105|0x0000000087300000, 0x0000000087300000, 0x0000000087400000|  0%| F|  |TAMS 0x0000000087300000, 0x0000000087300000| Untracked 
| 106|0x0000000087400000, 0x0000000087400000, 0x0000000087500000|  0%| F|  |TAMS 0x0000000087400000, 0x0000000087400000| Untracked 
| 107|0x0000000087500000, 0x0000000087500000, 0x0000000087600000|  0%| F|  |TAMS 0x0000000087500000, 0x0000000087500000| Untracked 
| 108|0x0000000087600000, 0x0000000087600000, 0x0000000087700000|  0%| F|  |TAMS 0x0000000087600000, 0x0000000087600000| Untracked 
| 109|0x0000000087700000, 0x0000000087700000, 0x0000000087800000|  0%| F|  |TAMS 0x0000000087700000, 0x0000000087700000| Untracked 
| 110|0x0000000087800000, 0x0000000087800000, 0x0000000087900000|  0%| F|  |TAMS 0x0000000087800000, 0x0000000087800000| Untracked 
| 111|0x0000000087900000, 0x0000000087900000, 0x0000000087a00000|  0%| F|  |TAMS 0x0000000087900000, 0x0000000087900000| Untracked 
| 112|0x0000000087a00000, 0x0000000087a00000, 0x0000000087b00000|  0%| F|  |TAMS 0x0000000087a00000, 0x0000000087a00000| Untracked 
| 113|0x0000000087b00000, 0x0000000087b00000, 0x0000000087c00000|  0%| F|  |TAMS 0x0000000087b00000, 0x0000000087b00000| Untracked 
| 114|0x0000000087c00000, 0x0000000087c00000, 0x0000000087d00000|  0%| F|  |TAMS 0x0000000087c00000, 0x0000000087c00000| Untracked 
| 115|0x0000000087d00000, 0x0000000087d00000, 0x0000000087e00000|  0%| F|  |TAMS 0x0000000087d00000, 0x0000000087d00000| Untracked 
| 116|0x0000000087e00000, 0x0000000087e00000, 0x0000000087f00000|  0%| F|  |TAMS 0x0000000087e00000, 0x0000000087e00000| Untracked 
| 117|0x0000000087f00000, 0x0000000087f00000, 0x0000000088000000|  0%| F|  |TAMS 0x0000000087f00000, 0x0000000087f00000| Untracked 
| 118|0x0000000088000000, 0x0000000088000000, 0x0000000088100000|  0%| F|  |TAMS 0x0000000088000000, 0x0000000088000000| Untracked 
| 119|0x0000000088100000, 0x0000000088100000, 0x0000000088200000|  0%| F|  |TAMS 0x0000000088100000, 0x0000000088100000| Untracked 
| 120|0x0000000088200000, 0x0000000088200000, 0x0000000088300000|  0%| F|  |TAMS 0x0000000088200000, 0x0000000088200000| Untracked 
| 121|0x0000000088300000, 0x0000000088300000, 0x0000000088400000|  0%| F|  |TAMS 0x0000000088300000, 0x0000000088300000| Untracked 
| 122|0x0000000088400000, 0x0000000088476440, 0x0000000088500000| 46%| E|  |TAMS 0x0000000088400000, 0x0000000088400000| Complete 
| 123|0x0000000088500000, 0x0000000088600000, 0x0000000088600000|100%| E|CS|TAMS 0x0000000088500000, 0x0000000088500000| Complete 
| 124|0x0000000088600000, 0x0000000088700000, 0x0000000088700000|100%| E|CS|TAMS 0x0000000088600000, 0x0000000088600000| Complete 
| 125|0x0000000088700000, 0x0000000088800000, 0x0000000088800000|100%| E|CS|TAMS 0x0000000088700000, 0x0000000088700000| Complete 
| 126|0x0000000088800000, 0x0000000088900000, 0x0000000088900000|100%| E|CS|TAMS 0x0000000088800000, 0x0000000088800000| Complete 
| 127|0x0000000088900000, 0x0000000088a00000, 0x0000000088a00000|100%| E|CS|TAMS 0x0000000088900000, 0x0000000088900000| Complete 

Card table byte_map: [0x000001913f3b0000,0x000001913f7b0000] _byte_map_base: 0x000001913efab000

Marking Bits (Prev, Next): (CMBitMap*) 0x000001912c613e50, (CMBitMap*) 0x000001912c613e90
 Prev Bits: [0x000001913fbb0000, 0x0000019141b88000)
 Next Bits: [0x0000019141b90000, 0x0000019143b68000)

Polling page: 0x000001912a580000

Metaspace:

Usage:
  Non-class:     10.66 MB used.
      Class:      1.18 MB used.
       Both:     11.84 MB used.

Virtual space:
  Non-class space:       64.00 MB reserved,      10.69 MB ( 17%) committed,  1 nodes.
      Class space:        1.00 GB reserved,       1.31 MB ( <1%) committed,  1 nodes.
             Both:        1.06 GB reserved,      12.00 MB (  1%) committed. 

Chunk freelists:
   Non-Class:  5.00 MB
       Class:  14.75 MB
        Both:  19.75 MB

MaxMetaspaceSize: unlimited
CompressedClassSpaceSize: 1.00 GB
Initial GC threshold: 21.00 MB
Current GC threshold: 21.00 MB
CDS: off
MetaspaceReclaimPolicy: balanced
 - commit_granule_bytes: 65536.
 - commit_granule_words: 8192.
 - virtual_space_node_default_size: 8388608.
 - enlarge_chunks_in_place: 1.
 - new_chunks_are_fully_committed: 0.
 - uncommit_free_chunks: 1.
 - use_allocation_guard: 0.
 - handle_deallocations: 1.


Internal statistics:

num_allocs_failed_limit: 0.
num_arena_births: 94.
num_arena_deaths: 0.
num_vsnodes_births: 2.
num_vsnodes_deaths: 0.
num_space_committed: 192.
num_space_uncommitted: 0.
num_chunks_returned_to_freelist: 0.
num_chunks_taken_from_freelist: 158.
num_chunk_merges: 0.
num_chunk_splits: 79.
num_chunks_enlarged: 22.
num_inconsistent_stats: 0.

CodeHeap 'non-profiled nmethods': size=120000Kb used=155Kb max_used=155Kb free=119844Kb
 bounds [0x0000019137750000, 0x00000191379c0000, 0x000001913ec80000]
CodeHeap 'profiled nmethods': size=120000Kb used=832Kb max_used=832Kb free=119167Kb
 bounds [0x000001912fc80000, 0x000001912fef0000, 0x00000191371b0000]
CodeHeap 'non-nmethods': size=5760Kb used=1196Kb max_used=1203Kb free=4563Kb
 bounds [0x00000191371b0000, 0x0000019137420000, 0x0000019137750000]
 total_blobs=1047 nmethods=546 adapters=414
 compilation: enabled
              stopped_count=0, restarted_count=0
 full_count=0

Compilation events (20 events):
Event: 0.391 Thread 0x0000019146640400  536       3       java.lang.StringConcatHelper::stringOf (20 bytes)
Event: 0.391 Thread 0x0000019146640400 nmethod 536 0x000001912fd4dc10 code [0x000001912fd4ddc0, 0x000001912fd4dfe8]
Event: 0.392 Thread 0x0000019146640400  538       3       sun.util.logging.PlatformLogger::isLoggable (23 bytes)
Event: 0.392 Thread 0x0000019146640400 nmethod 538 0x000001912fd4e090 code [0x000001912fd4e240, 0x000001912fd4e518]
Event: 0.392 Thread 0x0000019146640400  539       3       jdk.internal.logger.AbstractLoggerWrapper::isLoggable (26 bytes)
Event: 0.392 Thread 0x0000019146640400 nmethod 539 0x000001912fd4e610 code [0x000001912fd4e800, 0x000001912fd4ed78]
Event: 0.392 Thread 0x0000019146640400  540       3       jdk.internal.logger.SimpleConsoleLogger::effectiveLevel (17 bytes)
Event: 0.392 Thread 0x0000019146640400 nmethod 540 0x000001912fd4ef10 code [0x000001912fd4f0c0, 0x000001912fd4f2e8]
Event: 0.396 Thread 0x0000019146640400  541       3       java.lang.Enum::<init> (15 bytes)
Event: 0.397 Thread 0x0000019146640400 nmethod 541 0x000001912fd4f390 code [0x000001912fd4f520, 0x000001912fd4f6d8]
Event: 0.406 Thread 0x0000019146640400  542       1       java.lang.module.ModuleDescriptor::isOpen (5 bytes)
Event: 0.406 Thread 0x0000019146640400 nmethod 542 0x0000019137776710 code [0x00000191377768a0, 0x0000019137776978]
Event: 0.406 Thread 0x0000019146640400  543       3       java.lang.reflect.Array::newInstance (6 bytes)
Event: 0.407 Thread 0x0000019146640400 nmethod 543 0x000001912fd4f790 code [0x000001912fd4f920, 0x000001912fd4fa28]
Event: 0.410 Thread 0x0000019146640400  544       1       java.beans.PropertyChangeEvent::getPropertyName (5 bytes)
Event: 0.410 Thread 0x0000019146640400 nmethod 544 0x0000019137776a10 code [0x0000019137776ba0, 0x0000019137776c78]
Event: 0.413 Thread 0x0000019146640400  545       3       java.util.AbstractList::<init> (10 bytes)
Event: 0.414 Thread 0x0000019146640400 nmethod 545 0x000001912fd4fb10 code [0x000001912fd4fcc0, 0x000001912fd4fe98]
Event: 0.418 Thread 0x0000019146640400  546       3       java.lang.Class::getComponentType (14 bytes)
Event: 0.418 Thread 0x0000019146640400 nmethod 546 0x000001912fd4ff90 code [0x000001912fd50140, 0x000001912fd50308]

GC Heap History (0 events):
No events

Dll operation events (5 events):
Event: 0.007 Loaded shared library C:\Users\Ishay Cohen\.p2\pool\plugins\org.eclipse.justj.openjdk.hotspot.jre.full.win32.x86_64_17.0.8.v20230831-1047\jre\bin\java.dll
Event: 0.118 Loaded shared library C:\Users\Ishay Cohen\.p2\pool\plugins\org.eclipse.justj.openjdk.hotspot.jre.full.win32.x86_64_17.0.8.v20230831-1047\jre\bin\net.dll
Event: 0.120 Loaded shared library C:\Users\Ishay Cohen\.p2\pool\plugins\org.eclipse.justj.openjdk.hotspot.jre.full.win32.x86_64_17.0.8.v20230831-1047\jre\bin\nio.dll
Event: 0.180 Loaded shared library C:\Users\Ishay Cohen\.p2\pool\plugins\org.eclipse.justj.openjdk.hotspot.jre.full.win32.x86_64_17.0.8.v20230831-1047\jre\bin\jimage.dll
Event: 0.196 Loaded shared library C:\Users\Ishay Cohen\.p2\pool\plugins\org.eclipse.justj.openjdk.hotspot.jre.full.win32.x86_64_17.0.8.v20230831-1047\jre\bin\awt.dll

Deoptimization events (8 events):
Event: 0.164 Thread 0x000001912c5b6ae0 Uncommon trap: trap_request=0xffffff45 fr.pc=0x000001913775855c relative=0x000000000000005c
Event: 0.164 Thread 0x000001912c5b6ae0 Uncommon trap: reason=unstable_if action=reinterpret pc=0x000001913775855c method=java.lang.String.isLatin1()Z @ 10 c2
Event: 0.164 Thread 0x000001912c5b6ae0 DEOPT PACKING pc=0x000001913775855c sp=0x0000004d36dfe310
Event: 0.164 Thread 0x000001912c5b6ae0 DEOPT UNPACKING pc=0x00000191372069a3 sp=0x0000004d36dfe2a0 mode 2
Event: 0.164 Thread 0x000001912c5b6ae0 Uncommon trap: trap_request=0xffffff45 fr.pc=0x0000019137755878 relative=0x0000000000000078
Event: 0.164 Thread 0x000001912c5b6ae0 Uncommon trap: reason=unstable_if action=reinterpret pc=0x0000019137755878 method=java.lang.String.isLatin1()Z @ 10 c2
Event: 0.164 Thread 0x000001912c5b6ae0 DEOPT PACKING pc=0x0000019137755878 sp=0x0000004d36dfed30
Event: 0.164 Thread 0x000001912c5b6ae0 DEOPT UNPACKING pc=0x00000191372069a3 sp=0x0000004d36dfec70 mode 2

Classes unloaded (0 events):
No events

Classes redefined (0 events):
No events

Internal exceptions (14 events):
Event: 0.131 Thread 0x000001912c5b6ae0 Exception <a 'java/lang/NoSuchMethodError'{0x0000000088838690}: 'void java.lang.invoke.DirectMethodHandle$Holder.invokeVirtual(java.lang.Object, java.lang.Object)'> (0x0000000088838690) 
thrown [s\src\hotspot\share\interpreter\linkResolver.cpp, line 759]
Event: 0.184 Thread 0x000001912c5b6ae0 Exception <a 'sun/nio/fs/WindowsException'{0x0000000088715a88}> (0x0000000088715a88) 
thrown [s\src\hotspot\share\prims\jni.cpp, line 516]
Event: 0.188 Thread 0x000001912c5b6ae0 Exception <a 'java/lang/ClassNotFoundException'{0x000000008871baf0}: sun/awt/resources/spi/awtProvider> (0x000000008871baf0) 
thrown [s\src\hotspot\share\classfile\systemDictionary.cpp, line 256]
Event: 0.207 Thread 0x000001912c5b6ae0 Exception <a 'java/io/FileNotFoundException'{0x000000008876f048}> (0x000000008876f048) 
thrown [s\src\hotspot\share\prims\jni.cpp, line 516]
Event: 0.212 Thread 0x000001912c5b6ae0 Exception <a 'java/io/FileNotFoundException'{0x000000008879c248}> (0x000000008879c248) 
thrown [s\src\hotspot\share\prims\jni.cpp, line 516]
Event: 0.248 Thread 0x000001912c5b6ae0 Exception <a 'java/lang/NoSuchMethodError'{0x00000000887d07d0}: 'java.lang.Object java.lang.invoke.DirectMethodHandle$Holder.invokeStaticInit(java.lang.Object)'> (0x00000000887d07d0) 
thrown [s\src\hotspot\share\interpreter\linkResolver.cpp, line 759]
Event: 0.274 Thread 0x000001912c5b6ae0 Exception <a 'java/lang/NoSuchMethodError'{0x0000000088629398}: 'void java.lang.invoke.DirectMethodHandle$Holder.invokeSpecial(java.lang.Object, java.lang.Object, java.lang.Object)'> (0x0000000088629398) 
thrown [s\src\hotspot\share\interpreter\linkResolver.cpp, line 759]
Event: 0.282 Thread 0x000001912c5b6ae0 Exception <a 'java/lang/NoSuchMethodError'{0x0000000088653110}: 'java.lang.Object java.lang.invoke.DirectMethodHandle$Holder.newInvokeSpecial(java.lang.Object, java.lang.Object, java.lang.Object, java.lang.Object, java.lang.Object)'> (0x0000000088653110) 
thrown [s\src\hotspot\share\interpreter\linkResolver.cpp, line 759]
Event: 0.283 Thread 0x000001912c5b6ae0 Exception <a 'java/lang/NoSuchMethodError'{0x000000008865ead8}: 'java.lang.Object java.lang.invoke.DirectMethodHandle$Holder.invokeStatic(java.lang.Object, int, java.lang.Object, java.lang.Object, java.lang.Object, java.lang.Object)'> (0x000000008865ead8) 
thrown [s\src\hotspot\share\interpreter\linkResolver.cpp, line 759]
Event: 0.287 Thread 0x000001912c5b6ae0 Exception <a 'java/lang/NoSuchMethodError'{0x00000000886844f0}: 'java.lang.Object java.lang.invoke.DirectMethodHandle$Holder.invokeStatic(java.lang.Object, int, java.lang.Object)'> (0x00000000886844f0) 
thrown [s\src\hotspot\share\interpreter\linkResolver.cpp, line 759]
Event: 0.321 Thread 0x000001912c5b6ae0 Exception <a 'java/lang/ClassNotFoundException'{0x000000008853dfb8}: com/sun/swing/internal/plaf/metal/resources/spi/metalProvider> (0x000000008853dfb8) 
thrown [s\src\hotspot\share\classfile\systemDictionary.cpp, line 256]
Event: 0.321 Thread 0x000001912c5b6ae0 Exception <a 'java/lang/ClassNotFoundException'{0x0000000088541bc8}: com/sun/swing/internal/plaf/basic/resources/spi/basicProvider> (0x0000000088541bc8) 
thrown [s\src\hotspot\share\classfile\systemDictionary.cpp, line 256]
Event: 0.340 Thread 0x000001912c5b6ae0 Exception <a 'java/lang/ClassNotFoundException'{0x00000000885642f8}: jdk/net/ExtendedSocketOptions> (0x00000000885642f8) 
thrown [s\src\hotspot\share\classfile\systemDictionary.cpp, line 256]
Event: 0.341 Thread 0x000001912c5b6ae0 Exception <a 'java/lang/NoSuchMethodError'{0x0000000088565b90}: 'void java.lang.invoke.DirectMethodHandle$Holder.invokeStatic(java.lang.Object, java.lang.Object)'> (0x0000000088565b90) 
thrown [s\src\hotspot\share\interpreter\linkResolver.cpp, line 759]

VM Operations (6 events):
Event: 0.155 Executing VM operation: HandshakeAllThreads
Event: 0.155 Executing VM operation: HandshakeAllThreads done
Event: 0.325 Executing VM operation: HandshakeAllThreads
Event: 0.325 Executing VM operation: HandshakeAllThreads done
Event: 0.334 Executing VM operation: HandshakeAllThreads
Event: 0.334 Executing VM operation: HandshakeAllThreads done

Events (20 events):
Event: 0.417 loading class javax/swing/text/StyleContext done
Event: 0.417 loading class javax/swing/text/StyleConstants
Event: 0.418 loading class javax/swing/text/StyleConstants done
Event: 0.418 loading class javax/swing/text/StyleConstants$CharacterConstants
Event: 0.418 loading class javax/swing/text/AttributeSet$CharacterAttribute
Event: 0.418 loading class javax/swing/text/AttributeSet$CharacterAttribute done
Event: 0.418 loading class javax/swing/text/StyleConstants$CharacterConstants done
Event: 0.418 loading class javax/swing/text/StyleConstants$FontConstants
Event: 0.418 loading class javax/swing/text/AttributeSet$FontAttribute
Event: 0.418 loading class javax/swing/text/AttributeSet$FontAttribute done
Event: 0.418 loading class javax/swing/text/StyleConstants$FontConstants done
Event: 0.418 loading class javax/swing/text/StyleConstants$ColorConstants
Event: 0.418 loading class javax/swing/text/AttributeSet$ColorAttribute
Event: 0.418 loading class javax/swing/text/AttributeSet$ColorAttribute done
Event: 0.418 loading class javax/swing/text/StyleConstants$ColorConstants done
Event: 0.418 loading class javax/swing/text/StyleConstants$ParagraphConstants
Event: 0.418 loading class javax/swing/text/AttributeSet$ParagraphAttribute
Event: 0.418 loading class javax/swing/text/AttributeSet$ParagraphAttribute done
Event: 0.418 loading class javax/swing/text/StyleConstants$ParagraphConstants done
Event: 0.418 loading class javax/swing/text/StyleContext$FontKey


Dynamic libraries:
0x00007ff7d9ad0000 - 0x00007ff7d9ade000 	C:\Users\Ishay Cohen\.p2\pool\plugins\org.eclipse.justj.openjdk.hotspot.jre.full.win32.x86_64_17.0.8.v20230831-1047\jre\bin\javaw.exe
0x00007ff8a73f0000 - 0x00007ff8a75e8000 	C:\WINDOWS\SYSTEM32\ntdll.dll
0x00007ff8a5a90000 - 0x00007ff8a5b4f000 	C:\WINDOWS\System32\KERNEL32.DLL
0x00007ff8a4dc0000 - 0x00007ff8a50b6000 	C:\WINDOWS\System32\KERNELBASE.dll
0x00007ff8a4ad0000 - 0x00007ff8a4bd0000 	C:\WINDOWS\System32\ucrtbase.dll
0x00007ff89f9a0000 - 0x00007ff89f9b7000 	C:\Users\Ishay Cohen\.p2\pool\plugins\org.eclipse.justj.openjdk.hotspot.jre.full.win32.x86_64_17.0.8.v20230831-1047\jre\bin\jli.dll
0x00007ff89f600000 - 0x00007ff89f619000 	C:\Users\Ishay Cohen\.p2\pool\plugins\org.eclipse.justj.openjdk.hotspot.jre.full.win32.x86_64_17.0.8.v20230831-1047\jre\bin\VCRUNTIME140.dll
0x00007ff8a5c50000 - 0x00007ff8a5ded000 	C:\WINDOWS\System32\USER32.dll
0x00007ff8a50c0000 - 0x00007ff8a50e2000 	C:\WINDOWS\System32\win32u.dll
0x00007ff88a140000 - 0x00007ff88a3da000 	C:\WINDOWS\WinSxS\amd64_microsoft.windows.common-controls_6595b64144ccf1df_6.0.19041.1110_none_60b5254171f9507e\COMCTL32.dll
0x00007ff8a5a60000 - 0x00007ff8a5a8c000 	C:\WINDOWS\System32\GDI32.dll
0x00007ff8a72b0000 - 0x00007ff8a734e000 	C:\WINDOWS\System32\msvcrt.dll
0x00007ff8a4ca0000 - 0x00007ff8a4db5000 	C:\WINDOWS\System32\gdi32full.dll
0x00007ff8a4bd0000 - 0x00007ff8a4c6d000 	C:\WINDOWS\System32\msvcp_win.dll
0x00007ff8a7060000 - 0x00007ff8a7090000 	C:\WINDOWS\System32\IMM32.DLL
0x00007ff8a0940000 - 0x00007ff8a094c000 	C:\Users\Ishay Cohen\.p2\pool\plugins\org.eclipse.justj.openjdk.hotspot.jre.full.win32.x86_64_17.0.8.v20230831-1047\jre\bin\vcruntime140_1.dll
0x00007ff89f1d0000 - 0x00007ff89f261000 	C:\Users\Ishay Cohen\.p2\pool\plugins\org.eclipse.justj.openjdk.hotspot.jre.full.win32.x86_64_17.0.8.v20230831-1047\jre\bin\msvcp140.dll
0x00007ff860810000 - 0x00007ff86145c000 	C:\Users\Ishay Cohen\.p2\pool\plugins\org.eclipse.justj.openjdk.hotspot.jre.full.win32.x86_64_17.0.8.v20230831-1047\jre\bin\server\jvm.dll
0x00007ff8a5570000 - 0x00007ff8a561f000 	C:\WINDOWS\System32\ADVAPI32.dll
0x00007ff8a57d0000 - 0x00007ff8a586c000 	C:\WINDOWS\System32\sechost.dll
0x00007ff8a5e00000 - 0x00007ff8a5f26000 	C:\WINDOWS\System32\RPCRT4.dll
0x00007ff8a4080000 - 0x00007ff8a40cb000 	C:\WINDOWS\SYSTEM32\POWRPROF.dll
0x00007ff89a760000 - 0x00007ff89a787000 	C:\WINDOWS\SYSTEM32\WINMM.dll
0x00007ff89f4c0000 - 0x00007ff89f4c9000 	C:\WINDOWS\SYSTEM32\WSOCK32.dll
0x00007ff89e540000 - 0x00007ff89e54a000 	C:\WINDOWS\SYSTEM32\VERSION.dll
0x00007ff8a5940000 - 0x00007ff8a59ab000 	C:\WINDOWS\System32\WS2_32.dll
0x00007ff8a3ef0000 - 0x00007ff8a3f02000 	C:\WINDOWS\SYSTEM32\UMPDC.dll
0x00007ff8a2990000 - 0x00007ff8a29a2000 	C:\WINDOWS\SYSTEM32\kernel.appcore.dll
0x00007ff89f000000 - 0x00007ff89f00a000 	C:\Users\Ishay Cohen\.p2\pool\plugins\org.eclipse.justj.openjdk.hotspot.jre.full.win32.x86_64_17.0.8.v20230831-1047\jre\bin\jimage.dll
0x00007ff89c8f0000 - 0x00007ff89cad4000 	C:\WINDOWS\SYSTEM32\DBGHELP.DLL
0x00007ff89c5d0000 - 0x00007ff89c604000 	C:\WINDOWS\SYSTEM32\dbgcore.DLL
0x00007ff8a51a0000 - 0x00007ff8a5222000 	C:\WINDOWS\System32\bcryptPrimitives.dll
0x00007ff898e40000 - 0x00007ff898e65000 	C:\Users\Ishay Cohen\.p2\pool\plugins\org.eclipse.justj.openjdk.hotspot.jre.full.win32.x86_64_17.0.8.v20230831-1047\jre\bin\java.dll
0x00007ff89a2c0000 - 0x00007ff89a2d8000 	C:\Users\Ishay Cohen\.p2\pool\plugins\org.eclipse.justj.openjdk.hotspot.jre.full.win32.x86_64_17.0.8.v20230831-1047\jre\bin\zip.dll
0x00007ff8a6840000 - 0x00007ff8a6f84000 	C:\WINDOWS\System32\SHELL32.dll
0x00007ff8a2b90000 - 0x00007ff8a3323000 	C:\WINDOWS\SYSTEM32\windows.storage.dll
0x00007ff8a64e0000 - 0x00007ff8a6834000 	C:\WINDOWS\System32\combase.dll
0x00007ff8a4510000 - 0x00007ff8a453e000 	C:\WINDOWS\SYSTEM32\Wldp.dll
0x00007ff8a5890000 - 0x00007ff8a593d000 	C:\WINDOWS\System32\SHCORE.dll
0x00007ff8a7350000 - 0x00007ff8a73a5000 	C:\WINDOWS\System32\shlwapi.dll
0x00007ff8a4a00000 - 0x00007ff8a4a25000 	C:\WINDOWS\SYSTEM32\profapi.dll
0x00007ff898cb0000 - 0x00007ff898cc9000 	C:\Users\Ishay Cohen\.p2\pool\plugins\org.eclipse.justj.openjdk.hotspot.jre.full.win32.x86_64_17.0.8.v20230831-1047\jre\bin\net.dll
0x00007ff89e1d0000 - 0x00007ff89e2da000 	C:\WINDOWS\SYSTEM32\WINHTTP.dll
0x00007ff8a4270000 - 0x00007ff8a42da000 	C:\WINDOWS\system32\mswsock.dll
0x00007ff898740000 - 0x00007ff898755000 	C:\Users\Ishay Cohen\.p2\pool\plugins\org.eclipse.justj.openjdk.hotspot.jre.full.win32.x86_64_17.0.8.v20230831-1047\jre\bin\nio.dll
0x00007ff871f90000 - 0x00007ff87211e000 	C:\Users\Ishay Cohen\.p2\pool\plugins\org.eclipse.justj.openjdk.hotspot.jre.full.win32.x86_64_17.0.8.v20230831-1047\jre\bin\awt.dll
0x00007ff8a6f90000 - 0x00007ff8a705d000 	C:\WINDOWS\System32\OLEAUT32.dll
0x00007ff8a22d0000 - 0x00007ff8a2361000 	C:\WINDOWS\SYSTEM32\apphelp.dll
0x00007ff8a27b0000 - 0x00007ff8a27df000 	C:\WINDOWS\system32\DWMAPI.DLL
0x00007ff8a24c0000 - 0x00007ff8a255e000 	C:\WINDOWS\system32\uxtheme.dll
0x00007ff8a5450000 - 0x00007ff8a5564000 	C:\WINDOWS\System32\MSCTF.dll
0x00007ff8a7170000 - 0x00007ff8a729a000 	C:\WINDOWS\System32\ole32.dll
0x00007ff8a46a0000 - 0x00007ff8a46b2000 	C:\WINDOWS\SYSTEM32\msasn1.dll
0x00007ff89d5c0000 - 0x00007ff89d5f1000 	C:\WINDOWS\SYSTEM32\cryptnet.dll
0x00007ff8a5230000 - 0x00007ff8a538e000 	C:\WINDOWS\System32\CRYPT32.dll
0x00007ff8a5390000 - 0x00007ff8a53f7000 	C:\WINDOWS\System32\wintrust.dll
0x00007ff8a5870000 - 0x00007ff8a588d000 	C:\WINDOWS\System32\imagehlp.dll
0x00007ff8a0310000 - 0x00007ff8a034b000 	C:\WINDOWS\SYSTEM32\dxcore.dll
0x00007ff8a5400000 - 0x00007ff8a544e000 	C:\WINDOWS\System32\cfgmgr32.dll

dbghelp: loaded successfully - version: 4.0.5 - missing functions: none
symbol engine: initialized successfully - sym options: 0x614 - pdb path: .;C:\Users\Ishay Cohen\.p2\pool\plugins\org.eclipse.justj.openjdk.hotspot.jre.full.win32.x86_64_17.0.8.v20230831-1047\jre\bin;C:\WINDOWS\SYSTEM32;C:\WINDOWS\WinSxS\amd64_microsoft.windows.common-controls_6595b64144ccf1df_6.0.19041.1110_none_60b5254171f9507e;C:\Users\Ishay Cohen\.p2\pool\plugins\org.eclipse.justj.openjdk.hotspot.jre.full.win32.x86_64_17.0.8.v20230831-1047\jre\bin\server

VM Arguments:
jvm_args: -Dfile.encoding=UTF-8 --module-path=E:\MyClothesShop\MyClothesShop\bin -XX:+ShowCodeDetailsInExceptionMessages -Djdk.module.main=MyClothesShop 
java_command: MyClothesShop/ClothesShop.StoreClient
java_class_path (initial): <not set>
Launcher Type: SUN_STANDARD

[Global flags]
     intx CICompilerCount                          = 4                                         {product} {ergonomic}
     uint ConcGCThreads                            = 2                                         {product} {ergonomic}
     uint G1ConcRefinementThreads                  = 8                                         {product} {ergonomic}
   size_t G1HeapRegionSize                         = 1048576                                   {product} {ergonomic}
    uintx GCDrainStackTargetSize                   = 64                                        {product} {ergonomic}
   size_t InitialHeapSize                          = 134217728                                 {product} {ergonomic}
   size_t MarkStackSize                            = 4194304                                   {product} {ergonomic}
   size_t MaxHeapSize                              = 2136997888                                {product} {ergonomic}
   size_t MaxNewSize                               = 1281359872                                {product} {ergonomic}
   size_t MinHeapDeltaBytes                        = 1048576                                   {product} {ergonomic}
   size_t MinHeapSize                              = 8388608                                   {product} {ergonomic}
    uintx NonNMethodCodeHeapSize                   = 5839372                                {pd product} {ergonomic}
    uintx NonProfiledCodeHeapSize                  = 122909434                              {pd product} {ergonomic}
    uintx ProfiledCodeHeapSize                     = 122909434                              {pd product} {ergonomic}
    uintx ReservedCodeCacheSize                    = 251658240                              {pd product} {ergonomic}
     bool SegmentedCodeCache                       = true                                      {product} {ergonomic}
     bool ShowCodeDetailsInExceptionMessages       = true                                   {manageable} {command line}
   size_t SoftMaxHeapSize                          = 2136997888                             {manageable} {ergonomic}
     bool UseCompressedClassPointers               = true                           {product lp64_product} {ergonomic}
     bool UseCompressedOops                        = true                           {product lp64_product} {ergonomic}
     bool UseG1GC                                  = true                                      {product} {ergonomic}
     bool UseLargePagesIndividualAllocation        = false                                  {pd product} {ergonomic}

Logging:
Log output configuration:
 #0: stdout all=warning uptime,level,tags
 #1: stderr all=off uptime,level,tags

Environment Variables:
PATH=C:/Users/Ishay Cohen/.p2/pool/plugins/org.eclipse.justj.openjdk.hotspot.jre.full.win32.x86_64_17.0.8.v20230831-1047/jre/bin/server;C:/Users/Ishay Cohen/.p2/pool/plugins/org.eclipse.justj.openjdk.hotspot.jre.full.win32.x86_64_17.0.8.v20230831-1047/jre/bin;C:\Program Files\Common Files\Oracle\Java\javapath;C:\Program Files (x86)\Common Files\Oracle\Java\javapath;C:\WINDOWS\system32;C:\WINDOWS;C:\WINDOWS\System32\Wbem;C:\WINDOWS\System32\WindowsPowerShell\v1.0\;C:\WINDOWS\System32\OpenSSH\;C:\Program Files\NVIDIA Corporation\NVIDIA NvDLISR;C:\Program Files (x86)\NVIDIA Corporation\PhysX\Common;C:\WINDOWS\system32;C:\WINDOWS;C:\WINDOWS\System32\Wbem;C:\WINDOWS\System32\WindowsPowerShell\v1.0\;C:\WINDOWS\System32\OpenSSH\;"C:\Users\Ishay Cohen\Desktop\Jupyter_notebooks;";c:\opt\chocolatey\bin;C:\Program Files\Git\cmd;C:\Program Files\Docker\Docker\resources\bin;F:\Program Files\Kubernetes\Minikube;C:\Program Files (x86)\Microsoft SQL Server\160\Tools\Binn\;C:\Program Files\Microsoft SQL Server\160\Tools\Binn\;C:\Program Files\Microsoft SQL Server\Client SDK\ODBC\170\Tools\Binn\;C:\Program Files\Microsoft SQL Server\160\DTS\Binn\;C:\Program Files (x86)\Microsoft SQL Server\160\DTS\Binn\;C:\Program Files\Azure Data Studio\bin;F:\Program Files\nodejs\;C:\Users\Ishay Cohen\AppData\Local\Programs\Python\Python310\Scripts\;C:\Users\Ishay Cohen\AppData\Local\Programs\Python\Python310\;C:\Users\Ishay Cohen\AppData\Local\Microsoft\WindowsApps;F:\Users\Ishay Cohen\AppData\Local\Programs\Microsoft VS Code\bin;C:\Users\Ishay Cohen\Desktop\K8s;;C:\Program Files\Azure Data Studio\bin;C:\Users\Ishay Cohen\AppData\Roaming\npm;C:\Users\Ishay Cohen\Desktop;
USERNAME=Ishay Cohen
OS=Windows_NT
PROCESSOR_IDENTIFIER=Intel64 Family 6 Model 158 Stepping 9, GenuineIntel
TMP=C:\Users\ISHAYC~1\AppData\Local\Temp
TEMP=C:\Users\ISHAYC~1\AppData\Local\Temp



---------------  S Y S T E M  ---------------

OS:
 Windows 10 , 64 bit Build 19041 (10.0.19041.3155)
OS uptime: 3 days 20:33 hours

CPU: total 8 (initial active 8) (4 cores per cpu, 2 threads per core) family 6 model 158 stepping 9 microcode 0xb4, cx8, cmov, fxsr, ht, mmx, 3dnowpref, sse, sse2, sse3, ssse3, sse4.1, sse4.2, popcnt, lzcnt, tsc, tscinvbit, avx, avx2, aes, erms, clmul, bmi1, bmi2, rtm, adx, fma, vzeroupper, clflush, clflushopt
Processor Information for all 8 processors :
  Max Mhz: 3601, Current Mhz: 3601, Mhz Limit: 3601

Memory: 4k page, system-wide physical 8149M (876M free)
TotalPageFile size 21015M (AvailPageFile size 1M)
current process WorkingSet (physical memory assigned to process): 52M, peak: 52M
current process commit charge ("private bytes"): 215M, peak: 215M

vm_info: OpenJDK 64-Bit Server VM (17.0.8.1+1) for windows-amd64 JRE (17.0.8.1+1), built on Aug 23 2023 15:29:17 by "admin" with MS VC++ 16.7 (VS2019)

END.
